<?xml version="1.0" encoding="UTF-8"?>
<!-- Generated by org.testng.reporters.JUnitReportReporter -->
<testsuite hostname="DESKTOP-9STP60L" failures="0" tests="3" name="test.ValidateSignUp" time="7.153" errors="0" timestamp="2023-07-30T14:17:21 IST" skipped="0">
  <testcase classname="test.ValidateSignUp" name="validateBuild_A_BearURL" time="0.206">
    <system-out>
      <![CDATA[URL is matching]]>
    </system-out>
  </testcase> <!-- validateBuild_A_BearURL -->
  <testcase classname="test.ValidateSignUp" name="validateSignUp" time="1.635"/>
  <testcase classname="test.ValidateSignUp" name="validateSignUpButonDisplayed" time="5.312">
    <system-out>
      <![CDATA[Log In/Sign Up button is displayed]]>
    </system-out>
  </testcase> <!-- validateSignUpButonDisplayed -->
  <system-out>
    <![CDATA[Launched Build-A-Bear application
URL is matching
Log In/Sign Up button is displayed]]>
  </system-out>
</testsuite> <!-- test.ValidateSignUp -->
